{"level":"error","message":"TypeError: Converting circular structure to JSON\n    --> starting at object with constructor 'Socket'\n    |     property 'parser' -> object with constructor 'HTTPParser'\n    --- property 'socket' closes the circle\n    at JSON.stringify (<anonymous>)\n    at stringify (/home/globalvox/personal/typeScript-setup/node_modules/express/lib/response.js:1150:12)\n    at ServerResponse.json (/home/globalvox/personal/typeScript-setup/node_modules/express/lib/response.js:271:14)\n    at /home/globalvox/personal/typeScript-setup/src/index.ts:19:23\n    at Layer.handle [as handle_request] (/home/globalvox/personal/typeScript-setup/node_modules/express/lib/router/layer.js:95:5)\n    at trim_prefix (/home/globalvox/personal/typeScript-setup/node_modules/express/lib/router/index.js:328:13)\n    at /home/globalvox/personal/typeScript-setup/node_modules/express/lib/router/index.js:286:9\n    at Function.process_params (/home/globalvox/personal/typeScript-setup/node_modules/express/lib/router/index.js:346:12)\n    at next (/home/globalvox/personal/typeScript-setup/node_modules/express/lib/router/index.js:280:10)\n    at /home/globalvox/personal/typeScript-setup/node_modules/body-parser/lib/read.js:137:5","service":"TypeScript-Starter"}
{"level":"error","message":"TypeError: Converting circular structure to JSON\n    --> starting at object with constructor 'Socket'\n    |     property 'parser' -> object with constructor 'HTTPParser'\n    --- property 'socket' closes the circle\n    at JSON.stringify (<anonymous>)\n    at stringify (/home/globalvox/personal/typeScript-setup/node_modules/express/lib/response.js:1150:12)\n    at ServerResponse.json (/home/globalvox/personal/typeScript-setup/node_modules/express/lib/response.js:271:14)\n    at /home/globalvox/personal/typeScript-setup/src/index.ts:19:23\n    at Layer.handle [as handle_request] (/home/globalvox/personal/typeScript-setup/node_modules/express/lib/router/layer.js:95:5)\n    at trim_prefix (/home/globalvox/personal/typeScript-setup/node_modules/express/lib/router/index.js:328:13)\n    at /home/globalvox/personal/typeScript-setup/node_modules/express/lib/router/index.js:286:9\n    at Function.process_params (/home/globalvox/personal/typeScript-setup/node_modules/express/lib/router/index.js:346:12)\n    at next (/home/globalvox/personal/typeScript-setup/node_modules/express/lib/router/index.js:280:10)\n    at /home/globalvox/personal/typeScript-setup/node_modules/body-parser/lib/read.js:137:5","service":"TypeScript-Starter"}
{"level":"error","message":"TypeError: Converting circular structure to JSON\n    --> starting at object with constructor 'Socket'\n    |     property 'parser' -> object with constructor 'HTTPParser'\n    --- property 'socket' closes the circle\n    at JSON.stringify (<anonymous>)\n    at stringify (/home/globalvox/personal/typeScript-setup/node_modules/express/lib/response.js:1150:12)\n    at ServerResponse.json (/home/globalvox/personal/typeScript-setup/node_modules/express/lib/response.js:271:14)\n    at /home/globalvox/personal/typeScript-setup/src/index.ts:19:23\n    at Layer.handle [as handle_request] (/home/globalvox/personal/typeScript-setup/node_modules/express/lib/router/layer.js:95:5)\n    at trim_prefix (/home/globalvox/personal/typeScript-setup/node_modules/express/lib/router/index.js:328:13)\n    at /home/globalvox/personal/typeScript-setup/node_modules/express/lib/router/index.js:286:9\n    at Function.process_params (/home/globalvox/personal/typeScript-setup/node_modules/express/lib/router/index.js:346:12)\n    at next (/home/globalvox/personal/typeScript-setup/node_modules/express/lib/router/index.js:280:10)\n    at /home/globalvox/personal/typeScript-setup/node_modules/body-parser/lib/read.js:137:5","service":"TypeScript-Starter"}
{"level":"error","message":"TypeError: Converting circular structure to JSON\n    --> starting at object with constructor 'Socket'\n    |     property 'parser' -> object with constructor 'HTTPParser'\n    --- property 'socket' closes the circle\n    at JSON.stringify (<anonymous>)\n    at stringify (/home/globalvox/personal/typeScript-setup/node_modules/express/lib/response.js:1150:12)\n    at ServerResponse.json (/home/globalvox/personal/typeScript-setup/node_modules/express/lib/response.js:271:14)\n    at /home/globalvox/personal/typeScript-setup/src/index.ts:19:23\n    at Layer.handle [as handle_request] (/home/globalvox/personal/typeScript-setup/node_modules/express/lib/router/layer.js:95:5)\n    at trim_prefix (/home/globalvox/personal/typeScript-setup/node_modules/express/lib/router/index.js:328:13)\n    at /home/globalvox/personal/typeScript-setup/node_modules/express/lib/router/index.js:286:9\n    at Function.process_params (/home/globalvox/personal/typeScript-setup/node_modules/express/lib/router/index.js:346:12)\n    at next (/home/globalvox/personal/typeScript-setup/node_modules/express/lib/router/index.js:280:10)\n    at /home/globalvox/personal/typeScript-setup/node_modules/body-parser/lib/read.js:137:5","service":"TypeScript-Starter"}
{"level":"error","message":"TypeError: Converting circular structure to JSON\n    --> starting at object with constructor 'Socket'\n    |     property 'parser' -> object with constructor 'HTTPParser'\n    --- property 'socket' closes the circle\n    at JSON.stringify (<anonymous>)\n    at stringify (/home/globalvox/personal/typeScript-setup/node_modules/express/lib/response.js:1150:12)\n    at ServerResponse.json (/home/globalvox/personal/typeScript-setup/node_modules/express/lib/response.js:271:14)\n    at /home/globalvox/personal/typeScript-setup/src/index.ts:19:23\n    at Layer.handle [as handle_request] (/home/globalvox/personal/typeScript-setup/node_modules/express/lib/router/layer.js:95:5)\n    at trim_prefix (/home/globalvox/personal/typeScript-setup/node_modules/express/lib/router/index.js:328:13)\n    at /home/globalvox/personal/typeScript-setup/node_modules/express/lib/router/index.js:286:9\n    at Function.process_params (/home/globalvox/personal/typeScript-setup/node_modules/express/lib/router/index.js:346:12)\n    at next (/home/globalvox/personal/typeScript-setup/node_modules/express/lib/router/index.js:280:10)\n    at /home/globalvox/personal/typeScript-setup/node_modules/body-parser/lib/read.js:137:5","service":"TypeScript-Starter"}
{"level":"error","message":"TypeError: Converting circular structure to JSON\n    --> starting at object with constructor 'Socket'\n    |     property 'parser' -> object with constructor 'HTTPParser'\n    --- property 'socket' closes the circle\n    at JSON.stringify (<anonymous>)\n    at stringify (/home/globalvox/personal/typeScript-setup/node_modules/express/lib/response.js:1150:12)\n    at ServerResponse.json (/home/globalvox/personal/typeScript-setup/node_modules/express/lib/response.js:271:14)\n    at /home/globalvox/personal/typeScript-setup/src/index.ts:19:23\n    at Layer.handle [as handle_request] (/home/globalvox/personal/typeScript-setup/node_modules/express/lib/router/layer.js:95:5)\n    at trim_prefix (/home/globalvox/personal/typeScript-setup/node_modules/express/lib/router/index.js:328:13)\n    at /home/globalvox/personal/typeScript-setup/node_modules/express/lib/router/index.js:286:9\n    at Function.process_params (/home/globalvox/personal/typeScript-setup/node_modules/express/lib/router/index.js:346:12)\n    at next (/home/globalvox/personal/typeScript-setup/node_modules/express/lib/router/index.js:280:10)\n    at /home/globalvox/personal/typeScript-setup/node_modules/body-parser/lib/read.js:137:5","service":"TypeScript-Starter"}
{"level":"error","message":"TypeError: Converting circular structure to JSON\n    --> starting at object with constructor 'Socket'\n    |     property 'parser' -> object with constructor 'HTTPParser'\n    --- property 'socket' closes the circle\n    at JSON.stringify (<anonymous>)\n    at stringify (/home/globalvox/personal/typeScript-setup/node_modules/express/lib/response.js:1150:12)\n    at ServerResponse.json (/home/globalvox/personal/typeScript-setup/node_modules/express/lib/response.js:271:14)\n    at /home/globalvox/personal/typeScript-setup/src/index.ts:19:23\n    at Layer.handle [as handle_request] (/home/globalvox/personal/typeScript-setup/node_modules/express/lib/router/layer.js:95:5)\n    at trim_prefix (/home/globalvox/personal/typeScript-setup/node_modules/express/lib/router/index.js:328:13)\n    at /home/globalvox/personal/typeScript-setup/node_modules/express/lib/router/index.js:286:9\n    at Function.process_params (/home/globalvox/personal/typeScript-setup/node_modules/express/lib/router/index.js:346:12)\n    at next (/home/globalvox/personal/typeScript-setup/node_modules/express/lib/router/index.js:280:10)\n    at /home/globalvox/personal/typeScript-setup/node_modules/body-parser/lib/read.js:137:5","service":"TypeScript-Starter"}
{"level":"error","message":"TypeError: Converting circular structure to JSON\n    --> starting at object with constructor 'Socket'\n    |     property 'parser' -> object with constructor 'HTTPParser'\n    --- property 'socket' closes the circle\n    at JSON.stringify (<anonymous>)\n    at stringify (/home/globalvox/personal/typeScript-setup/node_modules/express/lib/response.js:1150:12)\n    at ServerResponse.json (/home/globalvox/personal/typeScript-setup/node_modules/express/lib/response.js:271:14)\n    at /home/globalvox/personal/typeScript-setup/src/index.ts:19:23\n    at Layer.handle [as handle_request] (/home/globalvox/personal/typeScript-setup/node_modules/express/lib/router/layer.js:95:5)\n    at trim_prefix (/home/globalvox/personal/typeScript-setup/node_modules/express/lib/router/index.js:328:13)\n    at /home/globalvox/personal/typeScript-setup/node_modules/express/lib/router/index.js:286:9\n    at Function.process_params (/home/globalvox/personal/typeScript-setup/node_modules/express/lib/router/index.js:346:12)\n    at next (/home/globalvox/personal/typeScript-setup/node_modules/express/lib/router/index.js:280:10)\n    at /home/globalvox/personal/typeScript-setup/node_modules/body-parser/lib/read.js:137:5","service":"TypeScript-Starter"}
{"level":"error","message":"TypeError: Converting circular structure to JSON\n    --> starting at object with constructor 'Socket'\n    |     property 'parser' -> object with constructor 'HTTPParser'\n    --- property 'socket' closes the circle\n    at JSON.stringify (<anonymous>)\n    at stringify (/home/globalvox/personal/typeScript-setup/node_modules/express/lib/response.js:1150:12)\n    at ServerResponse.json (/home/globalvox/personal/typeScript-setup/node_modules/express/lib/response.js:271:14)\n    at /home/globalvox/personal/typeScript-setup/src/index.ts:19:23\n    at Layer.handle [as handle_request] (/home/globalvox/personal/typeScript-setup/node_modules/express/lib/router/layer.js:95:5)\n    at trim_prefix (/home/globalvox/personal/typeScript-setup/node_modules/express/lib/router/index.js:328:13)\n    at /home/globalvox/personal/typeScript-setup/node_modules/express/lib/router/index.js:286:9\n    at Function.process_params (/home/globalvox/personal/typeScript-setup/node_modules/express/lib/router/index.js:346:12)\n    at next (/home/globalvox/personal/typeScript-setup/node_modules/express/lib/router/index.js:280:10)\n    at /home/globalvox/personal/typeScript-setup/node_modules/body-parser/lib/read.js:137:5","service":"TypeScript-Starter"}
{"level":"error","message":"TypeError: Converting circular structure to JSON\n    --> starting at object with constructor 'Socket'\n    |     property 'parser' -> object with constructor 'HTTPParser'\n    --- property 'socket' closes the circle\n    at JSON.stringify (<anonymous>)\n    at stringify (/home/globalvox/personal/typeScript-setup/node_modules/express/lib/response.js:1150:12)\n    at ServerResponse.json (/home/globalvox/personal/typeScript-setup/node_modules/express/lib/response.js:271:14)\n    at /home/globalvox/personal/typeScript-setup/src/index.ts:19:23\n    at Layer.handle [as handle_request] (/home/globalvox/personal/typeScript-setup/node_modules/express/lib/router/layer.js:95:5)\n    at trim_prefix (/home/globalvox/personal/typeScript-setup/node_modules/express/lib/router/index.js:328:13)\n    at /home/globalvox/personal/typeScript-setup/node_modules/express/lib/router/index.js:286:9\n    at Function.process_params (/home/globalvox/personal/typeScript-setup/node_modules/express/lib/router/index.js:346:12)\n    at next (/home/globalvox/personal/typeScript-setup/node_modules/express/lib/router/index.js:280:10)\n    at /home/globalvox/personal/typeScript-setup/node_modules/body-parser/lib/read.js:137:5","service":"TypeScript-Starter"}
{"level":"error","message":"TypeError: Converting circular structure to JSON\n    --> starting at object with constructor 'Socket'\n    |     property 'parser' -> object with constructor 'HTTPParser'\n    --- property 'socket' closes the circle\n    at JSON.stringify (<anonymous>)\n    at stringify (/home/globalvox/personal/typeScript-setup/node_modules/express/lib/response.js:1150:12)\n    at ServerResponse.json (/home/globalvox/personal/typeScript-setup/node_modules/express/lib/response.js:271:14)\n    at /home/globalvox/personal/typeScript-setup/src/index.ts:19:23\n    at Layer.handle [as handle_request] (/home/globalvox/personal/typeScript-setup/node_modules/express/lib/router/layer.js:95:5)\n    at trim_prefix (/home/globalvox/personal/typeScript-setup/node_modules/express/lib/router/index.js:328:13)\n    at /home/globalvox/personal/typeScript-setup/node_modules/express/lib/router/index.js:286:9\n    at Function.process_params (/home/globalvox/personal/typeScript-setup/node_modules/express/lib/router/index.js:346:12)\n    at next (/home/globalvox/personal/typeScript-setup/node_modules/express/lib/router/index.js:280:10)\n    at /home/globalvox/personal/typeScript-setup/node_modules/body-parser/lib/read.js:137:5","service":"TypeScript-Starter"}
{"level":"error","message":{"code":"EIO","errno":-5,"syscall":"write"},"service":"TypeScript-Starter"}
{"level":"error","message":{"address":"::","code":"EADDRINUSE","errno":-98,"port":4400,"syscall":"listen"},"service":"TypeScript-Starter"}
{"level":"error","message":{"address":"::","code":"EADDRINUSE","errno":-98,"port":4400,"syscall":"listen"},"service":"TypeScript-Starter"}
{"level":"error","message":{"message":"jwt malformed","name":"JsonWebTokenError"},"service":"TypeScript-Starter","success":false}
{"level":"error","message":{"message":"jwt malformed","name":"JsonWebTokenError"},"service":"TypeScript-Starter","success":false}
{"level":"error","message":{"code":"EIO","errno":-5,"syscall":"write"},"service":"TypeScript-Starter","success":false}
{"level":"error","message":{"code":"EIO","errno":-5,"syscall":"write"},"service":"TypeScript-Starter","success":false}
{"level":"error","message":{"code":"EIO","errno":-5,"syscall":"write"},"service":"TypeScript-Starter","success":false}
{"level":"error","message":{"address":"::","code":"EADDRINUSE","errno":-98,"port":4400,"syscall":"listen"},"service":"TypeScript-Starter","success":false}
{"level":"error","message":{"code":"EIO","errno":-5,"syscall":"write"},"service":"TypeScript-Starter","success":false}
{"level":"error","message":{"code":"EIO","errno":-5,"syscall":"write"},"service":"TypeScript-Starter","success":false}
{"level":"error","message":{"code":"EIO","errno":-5,"syscall":"write"},"service":"TypeScript-Starter","success":false}
{"level":"error","message":{"code":"EIO","errno":-5,"syscall":"write"},"service":"TypeScript-Starter","success":false}
{"level":"error","message":{"code":"EIO","errno":-5,"syscall":"write"},"service":"TypeScript-Starter","success":false}
{"level":"error","message":{"address":"::","code":"EADDRINUSE","errno":-98,"port":4400,"syscall":"listen"},"service":"TypeScript-Starter","success":false}
{"level":"error","message":{"code":"EIO","errno":-5,"syscall":"write"},"service":"TypeScript-Starter","success":false}
{"level":"error","message":{"code":"EIO","errno":-5,"syscall":"write"},"service":"TypeScript-Starter","success":false}
{"level":"error","message":{"code":"EIO","errno":-5,"syscall":"write"},"service":"TypeScript-Starter","success":false}
{"level":"error","message":{"code":"EIO","errno":-5,"syscall":"write"},"service":"TypeScript-Starter","success":false}
{"level":"error","message":{"code":"EIO","errno":-5,"syscall":"write"},"service":"TypeScript-Starter","success":false}
{"level":"error","message":{"code":"EIO","errno":-5,"syscall":"write"},"service":"TypeScript-Starter","success":false}
{"level":"error","message":{"address":"::","code":"EADDRINUSE","errno":-98,"port":4400,"syscall":"listen"},"service":"TypeScript-Starter","success":false}
{"level":"error","message":{"code":"EIO","errno":-5,"syscall":"write"},"service":"TypeScript-Starter","success":false}
{"level":"error","message":{"address":"::","code":"EADDRINUSE","errno":-98,"port":4400,"syscall":"listen"},"service":"TypeScript-Starter","success":false}
{"level":"error","message":{"code":"EIO","errno":-5,"syscall":"write"},"service":"TypeScript-Starter","success":false}
{"level":"error","message":{"code":"EIO","errno":-5,"syscall":"write"},"service":"TypeScript-Starter","success":false}
{"level":"error","message":{"code":"EIO","errno":-5,"syscall":"write"},"service":"TypeScript-Starter","success":false}
{"level":"error","message":{"code":"EIO","errno":-5,"syscall":"write"},"service":"TypeScript-Starter","success":false}
{"level":"error","message":{"code":"EIO","errno":-5,"syscall":"write"},"service":"TypeScript-Starter","success":false}
{"level":"error","message":{"message":"jwt malformed","name":"JsonWebTokenError"},"service":"TypeScript-Starter","success":false}
{"level":"error","message":{"code":"EIO","errno":-5,"syscall":"write"},"service":"TypeScript-Starter","success":false}
{"level":"error","message":{"code":"EIO","errno":-5,"syscall":"write"},"service":"TypeScript-Starter","success":false}
{"level":"error","message":{"code":"EIO","errno":-5,"syscall":"write"},"service":"TypeScript-Starter","success":false}
{"level":"error","message":{"code":"EIO","errno":-5,"syscall":"write"},"service":"TypeScript-Starter","success":false}
{"level":"error","message":{"code":"EIO","errno":-5,"syscall":"write"},"service":"TypeScript-Starter","success":false}
{"level":"error","message":{"code":"EIO","errno":-5,"syscall":"write"},"service":"TypeScript-Starter","success":false}
{"level":"error","message":{"code":"EIO","errno":-5,"syscall":"write"},"service":"TypeScript-Starter","success":false}
{"level":"error","message":{"code":"EIO","errno":-5,"syscall":"write"},"service":"TypeScript-Starter","success":false}
{"level":"error","message":{"code":"EIO","errno":-5,"syscall":"write"},"service":"TypeScript-Starter","success":false}
{"level":"error","message":{"code":"EIO","errno":-5,"syscall":"write"},"service":"TypeScript-Starter","success":false}
{"level":"error","message":{"code":"EIO","errno":-5,"syscall":"write"},"service":"TypeScript-Starter","success":false}
{"level":"error","message":{"code":"EIO","errno":-5,"syscall":"write"},"service":"TypeScript-Starter","success":false}
{"level":"error","message":{"code":"EIO","errno":-5,"syscall":"write"},"service":"TypeScript-Starter","success":false}
{"level":"error","message":{"code":"EIO","errno":-5,"syscall":"write"},"service":"TypeScript-Starter","success":false}
{"level":"error","message":{"code":"ERR_HTTP_HEADERS_SENT"},"service":"TypeScript-Starter","success":false}
{"level":"error","message":{"code":"EIO","errno":-5,"syscall":"write"},"service":"TypeScript-Starter","success":false}
{"level":"error","message":{"code":"EIO","errno":-5,"syscall":"write"},"service":"TypeScript-Starter","success":false}
{"level":"error","message":{"code":"EIO","errno":-5,"syscall":"write"},"service":"TypeScript-Starter","success":false}
{"level":"error","message":{"code":"EIO","errno":-5,"syscall":"write"},"service":"TypeScript-Starter","success":false}
{"level":"error","message":{"code":"EIO","errno":-5,"syscall":"write"},"service":"TypeScript-Starter","success":false}
{"level":"error","message":{"code":"EIO","errno":-5,"syscall":"write"},"service":"TypeScript-Starter","success":false}
{"level":"error","message":{"code":"EIO","errno":-5,"syscall":"write"},"service":"TypeScript-Starter","success":false}
{"level":"error","message":{"code":"EIO","errno":-5,"syscall":"write"},"service":"TypeScript-Starter","success":false}
{"level":"error","message":{"code":"EIO","errno":-5,"syscall":"write"},"service":"TypeScript-Starter","success":false}
{"level":"error","message":{"code":"EIO","errno":-5,"syscall":"write"},"service":"TypeScript-Starter","success":false}
{"level":"error","message":{"code":"EIO","errno":-5,"syscall":"write"},"service":"TypeScript-Starter","success":false}
{"level":"error","message":{"address":"::","code":"EADDRINUSE","errno":-98,"port":4400,"syscall":"listen"},"service":"TypeScript-Starter","success":false}
{"level":"error","message":{"code":"EIO","errno":-5,"syscall":"write"},"service":"TypeScript-Starter","success":false}
{"level":"error","message":{"code":"EIO","errno":-5,"syscall":"write"},"service":"TypeScript-Starter","success":false}
{"level":"error","message":{"code":"EIO","errno":-5,"syscall":"write"},"service":"TypeScript-Starter","success":false}
{"level":"error","message":{"code":"EIO","errno":-5,"syscall":"write"},"service":"TypeScript-Starter","success":false}
{"level":"error","message":{"code":"EIO","errno":-5,"syscall":"write"},"service":"TypeScript-Starter","success":false}
{"level":"error","message":{"code":"EIO","errno":-5,"syscall":"write"},"service":"TypeScript-Starter","success":false}
{"level":"error","message":{"code":"EIO","errno":-5,"syscall":"write"},"service":"TypeScript-Starter","success":false}
{"level":"error","message":{"code":"EIO","errno":-5,"syscall":"write"},"service":"TypeScript-Starter","success":false}
{"level":"error","message":{"code":"EIO","errno":-5,"syscall":"write"},"service":"TypeScript-Starter","success":false}
{"level":"error","message":{"code":"EIO","errno":-5,"syscall":"write"},"service":"TypeScript-Starter","success":false}
{"level":"error","message":{"code":"EIO","errno":-5,"syscall":"write"},"service":"TypeScript-Starter","success":false}
{"level":"error","message":{"code":"EIO","errno":-5,"syscall":"write"},"service":"TypeScript-Starter","success":false}
{"level":"error","message":{"code":"EIO","errno":-5,"syscall":"write"},"service":"TypeScript-Starter","success":false}
{"level":"error","message":{"code":"EIO","errno":-5,"syscall":"write"},"service":"TypeScript-Starter","success":false}
{"level":"error","message":{"code":"EIO","errno":-5,"syscall":"write"},"service":"TypeScript-Starter","success":false}
{"level":"error","message":{"address":"::","code":"EADDRINUSE","errno":-98,"port":4400,"syscall":"listen"},"service":"TypeScript-Starter","success":false}
{"level":"error","message":{"code":"EIO","errno":-5,"syscall":"write"},"service":"TypeScript-Starter","success":false}
{"level":"error","message":{"code":"EIO","errno":-5,"syscall":"write"},"service":"TypeScript-Starter","success":false}
{"level":"error","message":{"code":"EIO","errno":-5,"syscall":"write"},"service":"TypeScript-Starter","success":false}
{"level":"error","message":{"code":"EIO","errno":-5,"syscall":"write"},"service":"TypeScript-Starter","success":false}
{"level":"error","message":{"code":"EIO","errno":-5,"syscall":"write"},"service":"TypeScript-Starter","success":false}
{"level":"error","message":{"code":"EIO","errno":-5,"syscall":"write"},"service":"TypeScript-Starter","success":false}
{"level":"error","message":{"code":"EIO","errno":-5,"syscall":"write"},"service":"TypeScript-Starter","success":false}
